<?xml version="1.0" encoding="UTF-8"?>
<!-- Generated by org.testng.reporters.JUnitReportReporter -->
<testsuite hostname="LAPTOP-39NIES78" failures="0" tests="1" name="testcases.HomePageTest" time="18.653" errors="0" timestamp="2025-01-08T17:47:51 EST" skipped="0">
  <testcase classname="testcases.HomePageTest" name="clickQueueDropDownTest" time="18.653"/>
</testsuite> <!-- testcases.HomePageTest -->
